<?xml version="1.0" encoding="UTF-8"?>
<testsuite name="MainTest" tests="1" skipped="0" failures="0" errors="0" timestamp="2021-06-29T19:49:52" hostname="rappac-a01.vmware.com" time="0.0">
  <properties/>
  <testcase name="cheeseAndSeven" classname="MainTest" time="0.0"/>
  <system-out><![CDATA[]]></system-out>
  <system-err><![CDATA[]]></system-err>
</testsuite>
