<?xml version="1.0" encoding="UTF-8"?>
<testsuite name="ReceiptPrinterTest" tests="1" skipped="0" failures="0" errors="0" timestamp="2021-07-02T22:16:55" hostname="rappac-a01.vmware.com" time="0.084">
  <properties/>
  <testcase name="IfCustomerSelectsLargePizzaWithTwoIngredientsTheTotalShouldBeElevenDollars" classname="ReceiptPrinterTest" time="0.084"/>
  <system-out><![CDATA[]]></system-out>
  <system-err><![CDATA[]]></system-err>
</testsuite>
