<?xml version="1.0" encoding="UTF-8"?>
<testsuite name="OrderTest" tests="5" skipped="0" failures="0" errors="0" timestamp="2021-06-29T19:49:52" hostname="rappac-a01.vmware.com" time="0.003">
  <properties/>
  <testcase name="printReceiptIncludesIndividualPizzas" classname="OrderTest" time="0.001"/>
  <testcase name="shouldHaveOnePepperoniPizza" classname="OrderTest" time="0.001"/>
  <testcase name="shouldHaveSixDollarReceiptForCheesePizza" classname="OrderTest" time="0.0"/>
  <testcase name="shouldHaveOnePepperoniPizzaAndOneCheeseThenReturnCostOfBoth" classname="OrderTest" time="0.0"/>
  <testcase name="shouldHave2CheesePizzasAndReturnCostOfBoth" classname="OrderTest" time="0.001"/>
  <system-out><![CDATA[]]></system-out>
  <system-err><![CDATA[]]></system-err>
</testsuite>
