<?xml version="1.0" encoding="UTF-8"?>
<testsuite name="ReceiptPrinterTest" tests="1" skipped="0" failures="0" errors="0" timestamp="2021-06-30T22:45:41" hostname="rappac-a01.vmware.com" time="0.092">
  <properties/>
  <testcase name="receiptShouldPrintEachItemOrderedWithDollarSignsAndTotalAtTheBottom" classname="ReceiptPrinterTest" time="0.092"/>
  <system-out><![CDATA[]]></system-out>
  <system-err><![CDATA[]]></system-err>
</testsuite>
