<?xml version="1.0" encoding="UTF-8"?>
<testsuite name="OrderTest" tests="1" skipped="0" failures="0" errors="0" timestamp="2021-06-29T00:10:02" hostname="rappac-a01.vmware.com" time="0.002">
  <properties/>
  <testcase name="shouldHaveOnePepperoniPizzaAndOneCheeseThenReturnCostOfBoth" classname="OrderTest" time="0.002"/>
  <system-out><![CDATA[]]></system-out>
  <system-err><![CDATA[]]></system-err>
</testsuite>
