<?xml version="1.0" encoding="UTF-8"?>
<testsuite name="ReceiptPrinterTest" tests="1" skipped="0" failures="0" errors="0" timestamp="2021-07-01T00:51:50" hostname="rappac-a01.vmware.com" time="0.081">
  <properties/>
  <testcase name="AddOneIngredientToEachPizzaAndPrintPricePerIngAsWellAsAffectingTotalCostOfEachPizzaAsWellAsTotalOrder" classname="ReceiptPrinterTest" time="0.081"/>
  <system-out><![CDATA[]]></system-out>
  <system-err><![CDATA[]]></system-err>
</testsuite>
